<?xml version="1.0" encoding="UTF-8"?>
<testsuite name="runner.TestRunner" time="0.006" tests="14" errors="0" skipped="0" failures="0">
  <properties>
    <property name="idea.version" value="2017.3.3"/>
    <property name="java.runtime.name" value="Java(TM) SE Runtime Environment"/>
    <property name="sun.boot.library.path" value="C:\Program Files\Java\jdk1.8.0_131\jre\bin"/>
    <property name="java.vm.version" value="25.131-b11"/>
    <property name="java.vm.vendor" value="Oracle Corporation"/>
    <property name="maven.multiModuleProjectDirectory" value="C:\Users\z.zolotaya\IdeaProjects\Initial"/>
    <property name="java.vendor.url" value="http://java.oracle.com/"/>
    <property name="path.separator" value=";"/>
    <property name="guice.disable.misplaced.annotation.check" value="true"/>
    <property name="java.vm.name" value="Java HotSpot(TM) 64-Bit Server VM"/>
    <property name="file.encoding.pkg" value="sun.io"/>
    <property name="user.script" value=""/>
    <property name="user.country" value="RU"/>
    <property name="sun.java.launcher" value="SUN_STANDARD"/>
    <property name="sun.os.patch.level" value=""/>
    <property name="java.vm.specification.name" value="Java Virtual Machine Specification"/>
    <property name="user.dir" value="C:\Users\z.zolotaya\IdeaProjects\Initial"/>
    <property name="java.runtime.version" value="1.8.0_131-b11"/>
    <property name="java.awt.graphicsenv" value="sun.awt.Win32GraphicsEnvironment"/>
    <property name="java.endorsed.dirs" value="C:\Program Files\Java\jdk1.8.0_131\jre\lib\endorsed"/>
    <property name="os.arch" value="amd64"/>
    <property name="java.io.tmpdir" value="C:\Users\Z7511~1.ZOL\AppData\Local\Temp\"/>
    <property name="line.separator" value="&#10;"/>
    <property name="java.vm.specification.vendor" value="Oracle Corporation"/>
    <property name="user.variant" value=""/>
    <property name="os.name" value="Windows 8.1"/>
    <property name="classworlds.conf" value="C:\Program Files\JetBrains\IntelliJ IDEA Community Edition 2017.3.3\plugins\maven\lib\maven3\bin\m2.conf"/>
    <property name="sun.jnu.encoding" value="Cp1251"/>
    <property name="java.library.path" value="C:\Program Files\Java\jdk1.8.0_131\bin;C:\Windows\Sun\Java\bin;C:\Windows\system32;C:\Windows;C:\Program Files\Java\jdk1.8.0_131\bin;C:\Program Files (x86)\Intel\iCLS Client\;C:\Program Files\Intel\iCLS Client\;C:\Windows\system32;C:\Windows;C:\Windows\System32\Wbem;C:\Windows\System32\WindowsPowerShell\v1.0\;D:\dev\TortoiseSVN\bin;D:\dev\LoadRunner\strawberry-perl\perl\bin;C:\dev\gradle\bin;C:\Program Files (x86)\PICT\;."/>
    <property name="java.specification.name" value="Java Platform API Specification"/>
    <property name="java.class.version" value="52.0"/>
    <property name="sun.management.compiler" value="HotSpot 64-Bit Tiered Compilers"/>
    <property name="os.version" value="6.3"/>
    <property name="user.home" value="C:\Users\z.zolotaya"/>
    <property name="user.timezone" value="Europe/Moscow"/>
    <property name="java.awt.printerjob" value="sun.awt.windows.WPrinterJob"/>
    <property name="java.specification.version" value="1.8"/>
    <property name="file.encoding" value="UTF-8"/>
    <property name="user.name" value="z.zolotaya"/>
    <property name="java.class.path" value="C:\Program Files\JetBrains\IntelliJ IDEA Community Edition 2017.3.3\plugins\maven\lib\maven3\boot\plexus-classworlds-2.5.2.jar;C:\Program Files\JetBrains\IntelliJ IDEA Community Edition 2017.3.3\lib\idea_rt.jar"/>
    <property name="java.vm.specification.version" value="1.8"/>
    <property name="sun.arch.data.model" value="64"/>
    <property name="java.home" value="C:\Program Files\Java\jdk1.8.0_131\jre"/>
    <property name="sun.java.command" value="org.codehaus.classworlds.Launcher -Didea.version=2017.3.3 clean test allure:report"/>
    <property name="java.specification.vendor" value="Oracle Corporation"/>
    <property name="user.language" value="ru"/>
    <property name="awt.toolkit" value="sun.awt.windows.WToolkit"/>
    <property name="java.vm.info" value="mixed mode"/>
    <property name="java.version" value="1.8.0_131"/>
    <property name="java.ext.dirs" value="C:\Program Files\Java\jdk1.8.0_131\jre\lib\ext;C:\Windows\Sun\Java\lib\ext"/>
    <property name="sun.boot.class.path" value="C:\Program Files\Java\jdk1.8.0_131\jre\lib\resources.jar;C:\Program Files\Java\jdk1.8.0_131\jre\lib\rt.jar;C:\Program Files\Java\jdk1.8.0_131\jre\lib\sunrsasign.jar;C:\Program Files\Java\jdk1.8.0_131\jre\lib\jsse.jar;C:\Program Files\Java\jdk1.8.0_131\jre\lib\jce.jar;C:\Program Files\Java\jdk1.8.0_131\jre\lib\charsets.jar;C:\Program Files\Java\jdk1.8.0_131\jre\lib\jfr.jar;C:\Program Files\Java\jdk1.8.0_131\jre\classes"/>
    <property name="java.vendor" value="Oracle Corporation"/>
    <property name="maven.home" value="C:\Program Files\JetBrains\IntelliJ IDEA Community Edition 2017.3.3\plugins\maven\lib\maven3"/>
    <property name="file.separator" value="\"/>
    <property name="java.vendor.url.bug" value="http://bugreport.sun.com/bugreport/"/>
    <property name="sun.cpu.endian" value="little"/>
    <property name="sun.io.unicode.encoding" value="UnicodeLittle"/>
    <property name="sun.desktop" value="windows"/>
    <property name="sun.cpu.isalist" value="amd64"/>
  </properties>
  <testcase name="Дано открыт браузер и осуществлен переход по ссылке" classname="Сценарий: аутентификация с валидными данными" time="0.002"/>
  <testcase name="И открывается страница с формой &quot;Вход в систему&quot;" classname="Сценарий: аутентификация с валидными данными" time="0.001"/>
  <testcase name="Когда пользователь заполняет поле &quot;Имя пользователя&quot; значением &quot;sua_all&quot;" classname="Сценарий: аутентификация с валидными данными" time="0"/>
  <testcase name="И пользователь вводит в поле &quot;Пароль&quot; значение &quot;Q1w2e3r4&quot;" classname="Сценарий: аутентификация с валидными данными" time="0"/>
  <testcase name="И пользователь нажимает кнопку &quot;Войти&quot;" classname="Сценарий: аутентификация с валидными данными" time="0.001"/>
  <testcase name="Тогда открывается модальное окно &quot;Выбор финансовой организации&quot;" classname="Сценарий: аутентификация с валидными данными" time="0"/>
  <testcase name="Тогда пользователь выбирает финансовую организацию &quot;10&quot; типа КО" classname="Сценарий: аутентификация с валидными данными" time="0.001"/>
  <testcase name="И пользователь нажимает кнопку &quot;Выбрать&quot;" classname="Сценарий: аутентификация с валидными данными" time="0.001"/>
  <testcase name="Тогда открывается окно с логотипом &quot;Агентство по страхованию вкладов&quot;" classname="Сценарий: аутентификация с валидными данными" time="0"/>
  <testcase name="Тогда открывается страница с финансовой организацией &quot;10&quot;" classname="Сценарий: аутентификация с валидными данными" time="0"/>
  <testcase name="И пользователь нажимает кнопку &quot;Права  Все&quot;" classname="Сценарий: аутентификация с валидными данными" time="0"/>
  <testcase name="И пользователь нажимает кнопку &quot;Выход&quot; в контекстном меню" classname="Сценарий: аутентификация с валидными данными" time="0"/>
  <testcase name="И браузер закрыт" classname="Сценарий: аутентификация с валидными данными" time="0"/>
  <testcase name="Сценарий: аутентификация с валидными данными" classname="Сценарий: аутентификация с валидными данными" time="0"/>
</testsuite>